[2025-06-30 18:10:23,067] multiqc                                            [DEBUG  ]  No MultiQC config found: /usr/local/lib/python3.6/site-packages/multiqc_config.yaml
[2025-06-30 18:10:23,067] multiqc                                            [DEBUG  ]  No MultiQC config found: /home1/10819/styu/.multiqc_config.yaml
[2025-06-30 18:10:23,067] multiqc                                            [DEBUG  ]  No MultiQC config found: multiqc_config.yaml
[2025-06-30 18:10:23,067] multiqc                                            [DEBUG  ]  Command used: /usr/local/bin/multiqc ./fastqc
[2025-06-30 18:10:24,084] multiqc                                            [WARNING]  MultiQC Version v1.29 now available!
[2025-06-30 18:10:24,085] multiqc                                            [INFO   ]  This is MultiQC v1.7
[2025-06-30 18:10:24,085] multiqc                                            [DEBUG  ]  Command     : /usr/local/bin/multiqc ./fastqc
[2025-06-30 18:10:24,085] multiqc                                            [DEBUG  ]  Working dir : /scratch/10819/styu/MW_multiQC
[2025-06-30 18:10:24,085] multiqc                                            [INFO   ]  Template    : default
[2025-06-30 18:10:24,085] multiqc                                            [INFO   ]  Searching './fastqc'
[2025-06-30 18:10:24,085] multiqc                                            [DEBUG  ]  Analysing modules: custom_content, conpair, peddy, methylQA, phantompeakqualtools, qualimap, preseq, quast, qorts, rna_seqc, rsem, rseqc, busco, goleft_indexcov, disambiguate, supernova, deeptools, sargasso, verifybamid, mirtrace, happy, homer, macs2, theta2, snpeff, gatk, htseq, bcftools, featureCounts, dedup, damageprofiler, picard, prokka, samblaster, samtools, bamtools, jellyfish, vcftools, longranger, stacks, bbmap, bismark, biscuit, hicexplorer, hicup, hicpro, salmon, kallisto, slamdunk, star, hisat2, tophat, bowtie2, bowtie1, kat, leehom, adapterRemoval, clipandmerge, cutadapt, flexbar, trimmomatic, skewer, sortmerna, biobloomtools, fastq_screen, afterqc, fastp, fastqc, minionqc, clusterflow, bcl2fastq, interop, flash
[2025-06-30 18:10:24,085] multiqc                                            [DEBUG  ]  Using temporary directory for creating report: /tmp/tmpyd2qvm01
[2025-06-30 18:10:24,299] multiqc                                            [DEBUG  ]  Ignoring file as matched an ignore pattern: MCW_CT_ROA_81_R1_fastqc.html
[2025-06-30 18:10:24,300] multiqc                                            [DEBUG  ]  Ignoring file as matched an ignore pattern: MCW_CT_ROA_223_R2_fastqc.html
[2025-06-30 18:10:24,300] multiqc                                            [DEBUG  ]  Ignoring file as matched an ignore pattern: MCW_CT_ROA_139_R2_fastqc.html
[2025-06-30 18:10:24,301] multiqc                                            [DEBUG  ]  Ignoring file as matched an ignore pattern: MCW_CT_ROA_100_R1_fastqc.html
[2025-06-30 18:10:24,302] multiqc                                            [DEBUG  ]  Ignoring file as matched an ignore pattern: MCW_CT_ROA_238_R2_fastqc.html
[2025-06-30 18:10:24,302] multiqc                                            [DEBUG  ]  Ignoring file as matched an ignore pattern: MCW_CT_ROA_233_R2_fastqc.html
[2025-06-30 18:10:24,303] multiqc                                            [DEBUG  ]  Ignoring file as matched an ignore pattern: MCW_CT_ROA_109_R2_fastqc.html
[2025-06-30 18:10:24,303] multiqc                                            [DEBUG  ]  Ignoring file as matched an ignore pattern: MCW_CT_ROA_211_R2_fastqc.html
[2025-06-30 18:10:24,303] multiqc                                            [DEBUG  ]  Ignoring file as matched an ignore pattern: MCW_CT_ROA_138_R1_fastqc.html
[2025-06-30 18:10:24,304] multiqc                                            [DEBUG  ]  Ignoring file as matched an ignore pattern: MCW_CT_ROA_112_R2_fastqc.html
[2025-06-30 18:10:24,304] multiqc                                            [DEBUG  ]  Ignoring file as matched an ignore pattern: MCW_CT_ROA_208_R2_fastqc.html
[2025-06-30 18:10:24,305] multiqc                                            [DEBUG  ]  Ignoring file as matched an ignore pattern: MCW_CT_ROA_159_R1_fastqc.html
[2025-06-30 18:10:24,305] multiqc                                            [DEBUG  ]  Ignoring file as matched an ignore pattern: MCW_CT_ROA_195_R2_fastqc.html
[2025-06-30 18:10:24,306] multiqc                                            [DEBUG  ]  Ignoring file as matched an ignore pattern: MCW_CT_ROA_83_R2_fastqc.html
[2025-06-30 18:10:24,306] multiqc                                            [DEBUG  ]  Ignoring file as matched an ignore pattern: MCW_CT_ROA_109_R1_fastqc.html
[2025-06-30 18:10:24,306] multiqc                                            [DEBUG  ]  Ignoring file as matched an ignore pattern: MCW_CT_ROA_140_R1_fastqc.html
[2025-06-30 18:10:24,307] multiqc                                            [DEBUG  ]  Ignoring file as matched an ignore pattern: MCW_CT_ROA_100_R2_fastqc.html
[2025-06-30 18:10:24,307] multiqc                                            [DEBUG  ]  Ignoring file as matched an ignore pattern: MCW_CT_ROA_229_R2_fastqc.html
[2025-06-30 18:10:24,308] multiqc                                            [DEBUG  ]  Ignoring file as matched an ignore pattern: MCW_CT_ROA_221_R1_fastqc.html
[2025-06-30 18:10:24,308] multiqc                                            [DEBUG  ]  Ignoring file as matched an ignore pattern: MCW_CT_ROA_192_R2_fastqc.html
[2025-06-30 18:10:24,309] multiqc                                            [DEBUG  ]  Ignoring file as matched an ignore pattern: MCW_CT_ROA_217_R2_fastqc.html
[2025-06-30 18:10:24,309] multiqc                                            [DEBUG  ]  Ignoring file as matched an ignore pattern: MCW_CT_ROA_215_R2_fastqc.html
[2025-06-30 18:10:24,310] multiqc                                            [DEBUG  ]  Ignoring file as matched an ignore pattern: MCW_CT_ROA_121_R2_fastqc.html
[2025-06-30 18:10:24,310] multiqc                                            [DEBUG  ]  Ignoring file as matched an ignore pattern: MCW_CT_ROA_79_R2_fastqc.html
[2025-06-30 18:10:24,311] multiqc                                            [DEBUG  ]  Ignoring file as matched an ignore pattern: MCW_CT_ROA_114_R1_fastqc.html
[2025-06-30 18:10:24,311] multiqc                                            [DEBUG  ]  Ignoring file as matched an ignore pattern: MCW_CT_ROA_114_R2_fastqc.html
[2025-06-30 18:10:24,311] multiqc                                            [DEBUG  ]  Ignoring file as matched an ignore pattern: MCW_CT_ROA_213_R2_fastqc.html
[2025-06-30 18:10:24,312] multiqc                                            [DEBUG  ]  Ignoring file as matched an ignore pattern: MCW_CT_ROA_180_R1_fastqc.html
[2025-06-30 18:10:24,312] multiqc                                            [DEBUG  ]  Ignoring file as matched an ignore pattern: MCW_CT_ROA_218_R2_fastqc.html
[2025-06-30 18:10:24,314] multiqc                                            [DEBUG  ]  Ignoring file as matched an ignore pattern: MCW_CT_ROA_247_R2_fastqc.html
[2025-06-30 18:10:24,315] multiqc                                            [DEBUG  ]  Ignoring file as matched an ignore pattern: MCW_CT_ROA_206_R2_fastqc.html
[2025-06-30 18:10:24,316] multiqc                                            [DEBUG  ]  Ignoring file as matched an ignore pattern: MCW_CT_ROA_227_R1_fastqc.html
[2025-06-30 18:10:24,316] multiqc                                            [DEBUG  ]  Ignoring file as matched an ignore pattern: MCW_CT_ROA_232_R1_fastqc.html
[2025-06-30 18:10:24,317] multiqc                                            [DEBUG  ]  Ignoring file as matched an ignore pattern: MCW_CT_ROA_149_R1_fastqc.html
[2025-06-30 18:10:24,317] multiqc                                            [DEBUG  ]  Ignoring file as matched an ignore pattern: MCW_CT_ROA_87_R1_fastqc.html
[2025-06-30 18:10:24,317] multiqc                                            [DEBUG  ]  Ignoring file as matched an ignore pattern: MCW_CT_ROA_163_R1_fastqc.html
[2025-06-30 18:10:24,318] multiqc                                            [DEBUG  ]  Ignoring file as matched an ignore pattern: MCW_CT_ROA_236_R1_fastqc.html
[2025-06-30 18:10:24,318] multiqc                                            [DEBUG  ]  Ignoring file as matched an ignore pattern: MCW_CT_ROA_226_R2_fastqc.html
[2025-06-30 18:10:24,319] multiqc                                            [DEBUG  ]  Ignoring file as matched an ignore pattern: MCW_CT_ROA_163_R2_fastqc.html
[2025-06-30 18:10:24,320] multiqc                                            [DEBUG  ]  Ignoring file as matched an ignore pattern: MCW_CT_ROA_174_R2_fastqc.html
[2025-06-30 18:10:24,320] multiqc                                            [DEBUG  ]  Ignoring file as matched an ignore pattern: MCW_CT_ROA_117_R2_fastqc.html
[2025-06-30 18:10:24,321] multiqc                                            [DEBUG  ]  Ignoring file as matched an ignore pattern: MCW_CT_ROA_83_R1_fastqc.html
[2025-06-30 18:10:24,322] multiqc                                            [DEBUG  ]  Ignoring file as matched an ignore pattern: MCW_CT_ROA_224_R2_fastqc.html
[2025-06-30 18:10:24,324] multiqc                                            [DEBUG  ]  Ignoring file as matched an ignore pattern: MCW_CT_ROA_185_R1_fastqc.html
[2025-06-30 18:10:24,324] multiqc                                            [DEBUG  ]  Ignoring file as matched an ignore pattern: MCW_CT_ROA_78_R2_fastqc.html
[2025-06-30 18:10:24,324] multiqc                                            [DEBUG  ]  Ignoring file as matched an ignore pattern: MCW_CT_ROA_236_R2_fastqc.html
[2025-06-30 18:10:24,325] multiqc                                            [DEBUG  ]  Ignoring file as matched an ignore pattern: MCW_CT_ROA_84_R1_fastqc.html
[2025-06-30 18:10:24,325] multiqc                                            [DEBUG  ]  Ignoring file as matched an ignore pattern: MCW_CT_ROA_156_R1_fastqc.html
[2025-06-30 18:10:24,326] multiqc                                            [DEBUG  ]  Ignoring file as matched an ignore pattern: MCW_CT_ROA_223_R1_fastqc.html
[2025-06-30 18:10:24,326] multiqc                                            [DEBUG  ]  Ignoring file as matched an ignore pattern: MCW_CT_ROA_95_R1_fastqc.html
[2025-06-30 18:10:24,327] multiqc                                            [DEBUG  ]  Ignoring file as matched an ignore pattern: MCW_CT_ROA_177_R1_fastqc.html
[2025-06-30 18:10:24,327] multiqc                                            [DEBUG  ]  Ignoring file as matched an ignore pattern: MCW_CT_ROA_94_R1_fastqc.html
[2025-06-30 18:10:24,328] multiqc                                            [DEBUG  ]  Ignoring file as matched an ignore pattern: MCW_CT_ROA_226_R1_fastqc.html
[2025-06-30 18:10:24,328] multiqc                                            [DEBUG  ]  Ignoring file as matched an ignore pattern: MCW_CT_ROA_148_R1_fastqc.html
[2025-06-30 18:10:24,329] multiqc                                            [DEBUG  ]  Ignoring file as matched an ignore pattern: MCW_CT_ROA_172_R2_fastqc.html
[2025-06-30 18:10:24,329] multiqc                                            [DEBUG  ]  Ignoring file as matched an ignore pattern: MCW_CT_ROA_173_R2_fastqc.html
[2025-06-30 18:10:24,330] multiqc                                            [DEBUG  ]  Ignoring file as matched an ignore pattern: MCW_CT_ROA_175_R1_fastqc.html
[2025-06-30 18:10:24,330] multiqc                                            [DEBUG  ]  Ignoring file as matched an ignore pattern: MCW_CT_ROA_121_R1_fastqc.html
[2025-06-30 18:10:24,331] multiqc                                            [DEBUG  ]  Ignoring file as matched an ignore pattern: MCW_CT_ROA_189_R2_fastqc.html
[2025-06-30 18:10:24,331] multiqc                                            [DEBUG  ]  Ignoring file as matched an ignore pattern: MCW_CT_ROA_148_R2_fastqc.html
[2025-06-30 18:10:24,331] multiqc                                            [DEBUG  ]  Ignoring file as matched an ignore pattern: MCW_CT_ROA_171_R1_fastqc.html
[2025-06-30 18:10:24,332] multiqc                                            [DEBUG  ]  Ignoring file as matched an ignore pattern: MCW_CT_ROA_249_R1_fastqc.html
[2025-06-30 18:10:24,333] multiqc                                            [DEBUG  ]  Ignoring file as matched an ignore pattern: MCW_CT_ROA_175_R2_fastqc.html
[2025-06-30 18:10:24,333] multiqc                                            [DEBUG  ]  Ignoring file as matched an ignore pattern: MCW_CT_ROA_127_R2_fastqc.html
[2025-06-30 18:10:24,333] multiqc                                            [DEBUG  ]  Ignoring file as matched an ignore pattern: MCW_CT_ROA_218_R1_fastqc.html
[2025-06-30 18:10:24,334] multiqc                                            [DEBUG  ]  Ignoring file as matched an ignore pattern: MCW_CT_ROA_231_R2_fastqc.html
[2025-06-30 18:10:24,334] multiqc                                            [DEBUG  ]  Ignoring file as matched an ignore pattern: MCW_CT_ROA_79_R1_fastqc.html
[2025-06-30 18:10:24,335] multiqc                                            [DEBUG  ]  Ignoring file as matched an ignore pattern: MCW_CT_ROA_209_R2_fastqc.html
[2025-06-30 18:10:24,335] multiqc                                            [DEBUG  ]  Ignoring file as matched an ignore pattern: MCW_CT_ROA_97_R2_fastqc.html
[2025-06-30 18:10:24,336] multiqc                                            [DEBUG  ]  Ignoring file as matched an ignore pattern: MCW_CT_ROA_210_R1_fastqc.html
[2025-06-30 18:10:24,336] multiqc                                            [DEBUG  ]  Ignoring file as matched an ignore pattern: MCW_CT_ROA_81_R2_fastqc.html
[2025-06-30 18:10:24,337] multiqc                                            [DEBUG  ]  Ignoring file as matched an ignore pattern: MCW_CT_ROA_230_R2_fastqc.html
[2025-06-30 18:10:24,337] multiqc                                            [DEBUG  ]  Ignoring file as matched an ignore pattern: MCW_CT_ROA_233_R1_fastqc.html
[2025-06-30 18:10:24,338] multiqc                                            [DEBUG  ]  Ignoring file as matched an ignore pattern: MCW_CT_ROA_87_R2_fastqc.html
[2025-06-30 18:10:24,338] multiqc                                            [DEBUG  ]  Ignoring file as matched an ignore pattern: MCW_CT_ROA_147_R2_fastqc.html
[2025-06-30 18:10:24,339] multiqc                                            [DEBUG  ]  Ignoring file as matched an ignore pattern: MCW_CT_ROA_195_R1_fastqc.html
[2025-06-30 18:10:24,339] multiqc                                            [DEBUG  ]  Ignoring file as matched an ignore pattern: MCW_CT_ROA_210_R2_fastqc.html
[2025-06-30 18:10:24,340] multiqc                                            [DEBUG  ]  Ignoring file as matched an ignore pattern: MCW_CT_ROA_211_R1_fastqc.html
[2025-06-30 18:10:24,340] multiqc                                            [DEBUG  ]  Ignoring file as matched an ignore pattern: MCW_CT_ROA_86_R1_fastqc.html
[2025-06-30 18:10:24,341] multiqc                                            [DEBUG  ]  Ignoring file as matched an ignore pattern: MCW_CT_ROA_206_R1_fastqc.html
[2025-06-30 18:10:24,342] multiqc                                            [DEBUG  ]  Ignoring file as matched an ignore pattern: MCW_CT_ROA_89_R2_fastqc.html
[2025-06-30 18:10:24,342] multiqc                                            [DEBUG  ]  Ignoring file as matched an ignore pattern: MCW_CT_ROA_145_R1_fastqc.html
[2025-06-30 18:10:24,342] multiqc                                            [DEBUG  ]  Ignoring file as matched an ignore pattern: MCW_CT_ROA_185_R2_fastqc.html
[2025-06-30 18:10:24,343] multiqc                                            [DEBUG  ]  Ignoring file as matched an ignore pattern: MCW_CT_ROA_224_R1_fastqc.html
[2025-06-30 18:10:24,344] multiqc                                            [DEBUG  ]  Ignoring file as matched an ignore pattern: MCW_CT_ROA_85_R2_fastqc.html
[2025-06-30 18:10:24,344] multiqc                                            [DEBUG  ]  Ignoring file as matched an ignore pattern: MCW_CT_ROA_124_R2_fastqc.html
[2025-06-30 18:10:24,344] multiqc                                            [DEBUG  ]  Ignoring file as matched an ignore pattern: MCW_CT_ROA_183_R1_fastqc.html
[2025-06-30 18:10:24,345] multiqc                                            [DEBUG  ]  Ignoring file as matched an ignore pattern: MCW_CT_ROA_140_R2_fastqc.html
[2025-06-30 18:10:24,346] multiqc                                            [DEBUG  ]  Ignoring file as matched an ignore pattern: MCW_CT_ROA_89_R1_fastqc.html
[2025-06-30 18:10:24,346] multiqc                                            [DEBUG  ]  Ignoring file as matched an ignore pattern: MCW_CT_ROA_207_R1_fastqc.html
[2025-06-30 18:10:24,347] multiqc                                            [DEBUG  ]  Ignoring file as matched an ignore pattern: MCW_CT_ROA_115_R1_fastqc.html
[2025-06-30 18:10:24,348] multiqc                                            [DEBUG  ]  Ignoring file as matched an ignore pattern: MCW_CT_ROA_156_R2_fastqc.html
[2025-06-30 18:10:24,348] multiqc                                            [DEBUG  ]  Ignoring file as matched an ignore pattern: MCW_CT_ROA_142_R2_fastqc.html
[2025-06-30 18:10:24,348] multiqc                                            [DEBUG  ]  Ignoring file as matched an ignore pattern: MCW_CT_ROA_142_R1_fastqc.html
[2025-06-30 18:10:24,349] multiqc                                            [DEBUG  ]  Ignoring file as matched an ignore pattern: MCW_CT_ROA_243_R2_fastqc.html
[2025-06-30 18:10:24,350] multiqc                                            [DEBUG  ]  Ignoring file as matched an ignore pattern: MCW_CT_ROA_159_R2_fastqc.html
[2025-06-30 18:10:24,350] multiqc                                            [DEBUG  ]  Ignoring file as matched an ignore pattern: MCW_CT_ROA_88_R2_fastqc.html
[2025-06-30 18:10:24,351] multiqc                                            [DEBUG  ]  Ignoring file as matched an ignore pattern: MCW_CT_ROA_124_R1_fastqc.html
[2025-06-30 18:10:24,351] multiqc                                            [DEBUG  ]  Ignoring file as matched an ignore pattern: MCW_CT_ROA_158_R1_fastqc.html
[2025-06-30 18:10:24,352] multiqc                                            [DEBUG  ]  Ignoring file as matched an ignore pattern: MCW_CT_ROA_194_R2_fastqc.html
[2025-06-30 18:10:24,352] multiqc                                            [DEBUG  ]  Ignoring file as matched an ignore pattern: MCW_CT_ROA_217_R1_fastqc.html
[2025-06-30 18:10:24,352] multiqc                                            [DEBUG  ]  Ignoring file as matched an ignore pattern: MCW_CT_ROA_102_R2_fastqc.html
[2025-06-30 18:10:24,353] multiqc                                            [DEBUG  ]  Ignoring file as matched an ignore pattern: MCW_CT_ROA_138_R2_fastqc.html
[2025-06-30 18:10:24,354] multiqc                                            [DEBUG  ]  Ignoring file as matched an ignore pattern: MCW_CT_ROA_139_R1_fastqc.html
[2025-06-30 18:10:24,354] multiqc                                            [DEBUG  ]  Ignoring file as matched an ignore pattern: MCW_CT_ROA_245_R1_fastqc.html
[2025-06-30 18:10:24,357] multiqc                                            [DEBUG  ]  Ignoring file as matched an ignore pattern: MCW_CT_ROA_181_R2_fastqc.html
[2025-06-30 18:10:24,358] multiqc                                            [DEBUG  ]  Ignoring file as matched an ignore pattern: MCW_CT_ROA_101_R2_fastqc.html
[2025-06-30 18:10:24,358] multiqc                                            [DEBUG  ]  Ignoring file as matched an ignore pattern: MCW_CT_ROA_88_R1_fastqc.html
[2025-06-30 18:10:24,359] multiqc                                            [DEBUG  ]  Ignoring file as matched an ignore pattern: MCW_CT_ROA_84_R2_fastqc.html
[2025-06-30 18:10:24,359] multiqc                                            [DEBUG  ]  Ignoring file as matched an ignore pattern: MCW_CT_ROA_141_R1_fastqc.html
[2025-06-30 18:10:24,360] multiqc                                            [DEBUG  ]  Ignoring file as matched an ignore pattern: MCW_CT_ROA_112_R1_fastqc.html
[2025-06-30 18:10:24,361] multiqc                                            [DEBUG  ]  Ignoring file as matched an ignore pattern: MCW_CT_ROA_254_R2_fastqc.html
[2025-06-30 18:10:24,362] multiqc                                            [DEBUG  ]  Ignoring file as matched an ignore pattern: MCW_CT_ROA_238_R1_fastqc.html
[2025-06-30 18:10:24,362] multiqc                                            [DEBUG  ]  Ignoring file as matched an ignore pattern: MCW_CT_ROA_125_R1_fastqc.html
[2025-06-30 18:10:24,362] multiqc                                            [DEBUG  ]  Ignoring file as matched an ignore pattern: MCW_CT_ROA_149_R2_fastqc.html
[2025-06-30 18:10:24,363] multiqc                                            [DEBUG  ]  Ignoring file as matched an ignore pattern: MCW_CT_ROA_167_R2_fastqc.html
[2025-06-30 18:10:24,363] multiqc                                            [DEBUG  ]  Ignoring file as matched an ignore pattern: MCW_CT_ROA_180_R2_fastqc.html
[2025-06-30 18:10:24,364] multiqc                                            [DEBUG  ]  Ignoring file as matched an ignore pattern: MCW_CT_ROA_116_R2_fastqc.html
[2025-06-30 18:10:24,366] multiqc                                            [DEBUG  ]  Ignoring file as matched an ignore pattern: MCW_CT_ROA_80_R2_fastqc.html
[2025-06-30 18:10:24,368] multiqc                                            [DEBUG  ]  Ignoring file as matched an ignore pattern: MCW_CT_ROA_213_R1_fastqc.html
[2025-06-30 18:10:24,368] multiqc                                            [DEBUG  ]  Ignoring file as matched an ignore pattern: MCW_CT_ROA_101_R1_fastqc.html
[2025-06-30 18:10:24,368] multiqc                                            [DEBUG  ]  Ignoring file as matched an ignore pattern: MCW_CT_ROA_227_R2_fastqc.html
[2025-06-30 18:10:24,369] multiqc                                            [DEBUG  ]  Ignoring file as matched an ignore pattern: MCW_CT_ROA_95_R2_fastqc.html
[2025-06-30 18:10:24,369] multiqc                                            [DEBUG  ]  Ignoring file as matched an ignore pattern: MCW_CT_ROA_172_R1_fastqc.html
[2025-06-30 18:10:24,371] multiqc                                            [DEBUG  ]  Ignoring file as matched an ignore pattern: MCW_CT_ROA_146_R2_fastqc.html
[2025-06-30 18:10:24,371] multiqc                                            [DEBUG  ]  Ignoring file as matched an ignore pattern: MCW_CT_ROA_113_R2_fastqc.html
[2025-06-30 18:10:24,372] multiqc                                            [DEBUG  ]  Ignoring file as matched an ignore pattern: MCW_CT_ROA_181_R1_fastqc.html
[2025-06-30 18:10:24,372] multiqc                                            [DEBUG  ]  Ignoring file as matched an ignore pattern: MCW_CT_ROA_249_R2_fastqc.html
[2025-06-30 18:10:24,372] multiqc                                            [DEBUG  ]  Ignoring file as matched an ignore pattern: MCW_CT_ROA_192_R1_fastqc.html
[2025-06-30 18:10:24,373] multiqc                                            [DEBUG  ]  Ignoring file as matched an ignore pattern: MCW_CT_ROA_183_R2_fastqc.html
[2025-06-30 18:10:24,373] multiqc                                            [DEBUG  ]  Ignoring file as matched an ignore pattern: MCW_CT_ROA_202_R2_fastqc.html
[2025-06-30 18:10:24,374] multiqc                                            [DEBUG  ]  Ignoring file as matched an ignore pattern: MCW_CT_ROA_228_R2_fastqc.html
[2025-06-30 18:10:24,375] multiqc                                            [DEBUG  ]  Ignoring file as matched an ignore pattern: MCW_CT_ROA_173_R1_fastqc.html
[2025-06-30 18:10:24,375] multiqc                                            [DEBUG  ]  Ignoring file as matched an ignore pattern: MCW_CT_ROA_130_R2_fastqc.html
[2025-06-30 18:10:24,375] multiqc                                            [DEBUG  ]  Ignoring file as matched an ignore pattern: MCW_CT_ROA_99_R1_fastqc.html
[2025-06-30 18:10:24,376] multiqc                                            [DEBUG  ]  Ignoring file as matched an ignore pattern: MCW_CT_ROA_158_R2_fastqc.html
[2025-06-30 18:10:24,377] multiqc                                            [DEBUG  ]  Ignoring file as matched an ignore pattern: MCW_CT_ROA_141_R2_fastqc.html
[2025-06-30 18:10:24,377] multiqc                                            [DEBUG  ]  Ignoring file as matched an ignore pattern: MCW_CT_ROA_99_R2_fastqc.html
[2025-06-30 18:10:24,378] multiqc                                            [DEBUG  ]  Ignoring file as matched an ignore pattern: MCW_CT_ROA_177_R2_fastqc.html
[2025-06-30 18:10:24,378] multiqc                                            [DEBUG  ]  Ignoring file as matched an ignore pattern: MCW_CT_ROA_208_R1_fastqc.html
[2025-06-30 18:10:24,378] multiqc                                            [DEBUG  ]  Ignoring file as matched an ignore pattern: MCW_CT_ROA_239_R2_fastqc.html
[2025-06-30 18:10:24,379] multiqc                                            [DEBUG  ]  Ignoring file as matched an ignore pattern: MCW_CT_ROA_228_R1_fastqc.html
[2025-06-30 18:10:24,380] multiqc                                            [DEBUG  ]  Ignoring file as matched an ignore pattern: MCW_CT_ROA_130_R1_fastqc.html
[2025-06-30 18:10:24,380] multiqc                                            [DEBUG  ]  Ignoring file as matched an ignore pattern: MCW_CT_ROA_157_R1_fastqc.html
[2025-06-30 18:10:24,381] multiqc                                            [DEBUG  ]  Ignoring file as matched an ignore pattern: MCW_CT_ROA_230_R1_fastqc.html
[2025-06-30 18:10:24,381] multiqc                                            [DEBUG  ]  Ignoring file as matched an ignore pattern: MCW_CT_ROA_115_R2_fastqc.html
[2025-06-30 18:10:24,382] multiqc                                            [DEBUG  ]  Ignoring file as matched an ignore pattern: MCW_CT_ROA_146_R1_fastqc.html
[2025-06-30 18:10:24,382] multiqc                                            [DEBUG  ]  Ignoring file as matched an ignore pattern: MCW_CT_ROA_86_R2_fastqc.html
[2025-06-30 18:10:24,383] multiqc                                            [DEBUG  ]  Ignoring file as matched an ignore pattern: MCW_CT_ROA_171_R2_fastqc.html
[2025-06-30 18:10:24,383] multiqc                                            [DEBUG  ]  Ignoring file as matched an ignore pattern: MCW_CT_ROA_78_R1_fastqc.html
[2025-06-30 18:10:24,384] multiqc                                            [DEBUG  ]  Ignoring file as matched an ignore pattern: MCW_CT_ROA_107_R2_fastqc.html
[2025-06-30 18:10:24,384] multiqc                                            [DEBUG  ]  Ignoring file as matched an ignore pattern: MCW_CT_ROA_125_R2_fastqc.html
[2025-06-30 18:10:24,384] multiqc                                            [DEBUG  ]  Ignoring file as matched an ignore pattern: MCW_CT_ROA_147_R1_fastqc.html
[2025-06-30 18:10:24,385] multiqc                                            [DEBUG  ]  Ignoring file as matched an ignore pattern: MCW_CT_ROA_80_R1_fastqc.html
[2025-06-30 18:10:24,385] multiqc                                            [DEBUG  ]  Ignoring file as matched an ignore pattern: MCW_CT_ROA_96_R2_fastqc.html
[2025-06-30 18:10:24,386] multiqc                                            [DEBUG  ]  Ignoring file as matched an ignore pattern: MCW_CT_ROA_116_R1_fastqc.html
[2025-06-30 18:10:24,387] multiqc                                            [DEBUG  ]  Ignoring file as matched an ignore pattern: MCW_CT_ROA_215_R1_fastqc.html
[2025-06-30 18:10:24,388] multiqc                                            [DEBUG  ]  Ignoring file as matched an ignore pattern: MCW_CT_ROA_254_R1_fastqc.html
[2025-06-30 18:10:24,388] multiqc                                            [DEBUG  ]  Ignoring file as matched an ignore pattern: MCW_CT_ROA_145_R2_fastqc.html
[2025-06-30 18:10:24,389] multiqc                                            [DEBUG  ]  Ignoring file as matched an ignore pattern: MCW_CT_ROA_119_R1_fastqc.html
[2025-06-30 18:10:24,389] multiqc                                            [DEBUG  ]  Ignoring file as matched an ignore pattern: MCW_CT_ROA_117_R1_fastqc.html
[2025-06-30 18:10:24,389] multiqc                                            [DEBUG  ]  Ignoring file as matched an ignore pattern: MCW_CT_ROA_96_R1_fastqc.html
[2025-06-30 18:10:24,390] multiqc                                            [DEBUG  ]  Ignoring file as matched an ignore pattern: MCW_CT_ROA_245_R2_fastqc.html
[2025-06-30 18:10:24,390] multiqc                                            [DEBUG  ]  Ignoring file as matched an ignore pattern: MCW_CT_ROA_94_R2_fastqc.html
[2025-06-30 18:10:24,391] multiqc                                            [DEBUG  ]  Ignoring file as matched an ignore pattern: MCW_CT_ROA_102_R1_fastqc.html
[2025-06-30 18:10:24,392] multiqc                                            [DEBUG  ]  Ignoring file as matched an ignore pattern: MCW_CT_ROA_107_R1_fastqc.html
[2025-06-30 18:10:24,392] multiqc                                            [DEBUG  ]  Ignoring file as matched an ignore pattern: MCW_CT_ROA_247_R1_fastqc.html
[2025-06-30 18:10:24,392] multiqc                                            [DEBUG  ]  Ignoring file as matched an ignore pattern: MCW_CT_ROA_127_R1_fastqc.html
[2025-06-30 18:10:24,392] multiqc                                            [DEBUG  ]  Ignoring file as matched an ignore pattern: MCW_CT_ROA_221_R2_fastqc.html
[2025-06-30 18:10:24,393] multiqc                                            [DEBUG  ]  Ignoring file as matched an ignore pattern: MCW_CT_ROA_167_R1_fastqc.html
[2025-06-30 18:10:24,394] multiqc                                            [DEBUG  ]  Ignoring file as matched an ignore pattern: MCW_CT_ROA_239_R1_fastqc.html
[2025-06-30 18:10:24,395] multiqc                                            [DEBUG  ]  Ignoring file as matched an ignore pattern: MCW_CT_ROA_232_R2_fastqc.html
[2025-06-30 18:10:24,396] multiqc                                            [DEBUG  ]  Ignoring file as matched an ignore pattern: MCW_CT_ROA_97_R1_fastqc.html
[2025-06-30 18:10:24,396] multiqc                                            [DEBUG  ]  Ignoring file as matched an ignore pattern: MCW_CT_ROA_243_R1_fastqc.html
[2025-06-30 18:10:24,396] multiqc                                            [DEBUG  ]  Ignoring file as matched an ignore pattern: MCW_CT_ROA_246_R2_fastqc.html
[2025-06-30 18:10:24,397] multiqc                                            [DEBUG  ]  Ignoring file as matched an ignore pattern: MCW_CT_ROA_229_R1_fastqc.html
[2025-06-30 18:10:24,398] multiqc                                            [DEBUG  ]  Ignoring file as matched an ignore pattern: MCW_CT_ROA_157_R2_fastqc.html
[2025-06-30 18:10:24,398] multiqc                                            [DEBUG  ]  Ignoring file as matched an ignore pattern: MCW_CT_ROA_202_R1_fastqc.html
[2025-06-30 18:10:24,399] multiqc                                            [DEBUG  ]  Ignoring file as matched an ignore pattern: MCW_CT_ROA_85_R1_fastqc.html
[2025-06-30 18:10:24,399] multiqc                                            [DEBUG  ]  Ignoring file as matched an ignore pattern: MCW_CT_ROA_231_R1_fastqc.html
[2025-06-30 18:10:24,399] multiqc                                            [DEBUG  ]  Ignoring file as matched an ignore pattern: MCW_CT_ROA_174_R1_fastqc.html
[2025-06-30 18:10:24,400] multiqc                                            [DEBUG  ]  Ignoring file as matched an ignore pattern: MCW_CT_ROA_209_R1_fastqc.html
[2025-06-30 18:10:24,401] multiqc                                            [DEBUG  ]  Ignoring file as matched an ignore pattern: MCW_CT_ROA_113_R1_fastqc.html
[2025-06-30 18:10:24,401] multiqc                                            [DEBUG  ]  Ignoring file as matched an ignore pattern: MCW_CT_ROA_207_R2_fastqc.html
[2025-06-30 18:10:24,402] multiqc                                            [DEBUG  ]  Ignoring file as matched an ignore pattern: MCW_CT_ROA_119_R2_fastqc.html
[2025-06-30 18:10:24,402] multiqc                                            [DEBUG  ]  Ignoring file as matched an ignore pattern: MCW_CT_ROA_189_R1_fastqc.html
[2025-06-30 18:10:24,403] multiqc                                            [DEBUG  ]  Ignoring file as matched an ignore pattern: MCW_CT_ROA_194_R1_fastqc.html
[2025-06-30 18:10:24,403] multiqc                                            [DEBUG  ]  Ignoring file as matched an ignore pattern: MCW_CT_ROA_246_R1_fastqc.html
[2025-06-30 18:10:26,709] multiqc                                            [DEBUG  ]  No samples found: custom_content
[2025-06-30 18:10:26,712] multiqc                                            [DEBUG  ]  No samples found: conpair
[2025-06-30 18:10:26,717] multiqc                                            [DEBUG  ]  No samples found: peddy
[2025-06-30 18:10:26,719] multiqc                                            [DEBUG  ]  No samples found: methylQA
[2025-06-30 18:10:26,721] multiqc                                            [DEBUG  ]  No samples found: phantompeakqualtools
[2025-06-30 18:10:26,749] multiqc                                            [DEBUG  ]  No samples found: qualimap
[2025-06-30 18:10:26,756] multiqc                                            [DEBUG  ]  No samples found: preseq
[2025-06-30 18:10:26,759] multiqc                                            [DEBUG  ]  No samples found: quast
[2025-06-30 18:10:26,761] multiqc                                            [DEBUG  ]  No samples found: qorts
[2025-06-30 18:10:26,773] multiqc                                            [DEBUG  ]  No samples found: rna_seqc
[2025-06-30 18:10:26,775] multiqc                                            [DEBUG  ]  No samples found: rsem
[2025-06-30 18:10:26,780] multiqc                                            [DEBUG  ]  No samples found: rseqc
[2025-06-30 18:10:26,783] multiqc                                            [DEBUG  ]  No samples found: busco
[2025-06-30 18:10:26,787] multiqc                                            [DEBUG  ]  No samples found: goleft_indexcov
[2025-06-30 18:10:26,790] multiqc                                            [DEBUG  ]  No samples found: disambiguate
[2025-06-30 18:10:26,805] multiqc                                            [DEBUG  ]  No samples found: supernova
[2025-06-30 18:10:26,810] multiqc                                            [DEBUG  ]  No samples found: deeptools
[2025-06-30 18:10:26,814] multiqc                                            [DEBUG  ]  No samples found: sargasso
[2025-06-30 18:10:26,817] multiqc                                            [DEBUG  ]  No samples found: verifybamid
[2025-06-30 18:10:26,820] multiqc                                            [DEBUG  ]  No samples found: mirtrace
[2025-06-30 18:10:26,823] multiqc                                            [DEBUG  ]  No samples found: happy
[2025-06-30 18:10:26,827] multiqc                                            [DEBUG  ]  No samples found: homer
[2025-06-30 18:10:26,829] multiqc                                            [DEBUG  ]  No samples found: macs2
[2025-06-30 18:10:26,832] multiqc                                            [DEBUG  ]  No samples found: theta2
[2025-06-30 18:10:26,835] multiqc                                            [DEBUG  ]  No samples found: snpeff
[2025-06-30 18:10:26,839] multiqc                                            [DEBUG  ]  No samples found: gatk
[2025-06-30 18:10:26,841] multiqc                                            [DEBUG  ]  No samples found: htseq
[2025-06-30 18:10:26,845] multiqc                                            [DEBUG  ]  No samples found: bcftools
[2025-06-30 18:10:26,850] multiqc                                            [DEBUG  ]  No samples found: featureCounts
[2025-06-30 18:10:26,853] multiqc                                            [DEBUG  ]  No samples found: dedup
[2025-06-30 18:10:26,855] multiqc                                            [DEBUG  ]  No samples found: damageprofiler
[2025-06-30 18:10:26,861] multiqc                                            [DEBUG  ]  No samples found: picard
[2025-06-30 18:10:26,863] multiqc                                            [DEBUG  ]  No samples found: prokka
[2025-06-30 18:10:26,866] multiqc                                            [DEBUG  ]  No samples found: samblaster
[2025-06-30 18:10:26,869] multiqc                                            [DEBUG  ]  No samples found: samtools
[2025-06-30 18:10:26,872] multiqc                                            [DEBUG  ]  No samples found: bamtools
[2025-06-30 18:10:26,875] multiqc                                            [DEBUG  ]  No samples found: jellyfish
[2025-06-30 18:10:26,879] multiqc                                            [DEBUG  ]  No samples found: vcftools
[2025-06-30 18:10:26,881] multiqc                                            [DEBUG  ]  No samples found: longranger
[2025-06-30 18:10:26,883] multiqc                                            [DEBUG  ]  No samples found: stacks
[2025-06-30 18:10:26,889] multiqc                                            [DEBUG  ]  No samples found: bbmap
[2025-06-30 18:10:26,891] multiqc                                            [DEBUG  ]  No samples found: bismark
[2025-06-30 18:10:26,894] multiqc                                            [DEBUG  ]  No samples found: biscuit
[2025-06-30 18:10:26,897] multiqc                                            [DEBUG  ]  No samples found: hicexplorer
[2025-06-30 18:10:26,900] multiqc                                            [DEBUG  ]  No samples found: hicup
[2025-06-30 18:10:26,902] multiqc                                            [DEBUG  ]  No samples found: hicpro
[2025-06-30 18:10:26,905] multiqc                                            [DEBUG  ]  No samples found: salmon
[2025-06-30 18:10:26,908] multiqc                                            [DEBUG  ]  No samples found: kallisto
[2025-06-30 18:10:26,911] multiqc                                            [DEBUG  ]  No samples found: slamdunk
[2025-06-30 18:10:26,913] multiqc                                            [DEBUG  ]  No samples found: star
[2025-06-30 18:10:26,916] multiqc                                            [DEBUG  ]  No samples found: hisat2
[2025-06-30 18:10:26,918] multiqc                                            [DEBUG  ]  No samples found: tophat
[2025-06-30 18:10:26,921] multiqc                                            [DEBUG  ]  No samples found: bowtie2
[2025-06-30 18:10:26,923] multiqc                                            [DEBUG  ]  No samples found: bowtie1
[2025-06-30 18:10:26,926] multiqc                                            [DEBUG  ]  No samples found: kat
[2025-06-30 18:10:26,928] multiqc                                            [DEBUG  ]  No samples found: leehom
[2025-06-30 18:10:26,931] multiqc                                            [DEBUG  ]  No samples found: adapterRemoval
[2025-06-30 18:10:26,933] multiqc                                            [DEBUG  ]  No samples found: clipandmerge
[2025-06-30 18:10:26,936] multiqc                                            [DEBUG  ]  No samples found: cutadapt
[2025-06-30 18:10:26,938] multiqc                                            [DEBUG  ]  No samples found: flexbar
[2025-06-30 18:10:26,941] multiqc                                            [DEBUG  ]  No samples found: trimmomatic
[2025-06-30 18:10:26,944] multiqc                                            [DEBUG  ]  No samples found: skewer
[2025-06-30 18:10:26,946] multiqc                                            [DEBUG  ]  No samples found: sortmerna
[2025-06-30 18:10:26,949] multiqc                                            [DEBUG  ]  No samples found: biobloomtools
[2025-06-30 18:10:26,951] multiqc                                            [DEBUG  ]  No samples found: fastq_screen
[2025-06-30 18:10:26,954] multiqc                                            [DEBUG  ]  No samples found: afterqc
[2025-06-30 18:10:26,956] multiqc                                            [DEBUG  ]  No samples found: fastp
[2025-06-30 18:10:57,148] multiqc.modules.fastqc.fastqc                      [INFO   ]  Found 188 reports
[2025-06-30 18:11:10,885] multiqc                                            [DEBUG  ]  No samples found: minionqc
[2025-06-30 18:11:10,888] multiqc                                            [DEBUG  ]  No samples found: clusterflow
[2025-06-30 18:11:10,891] multiqc                                            [DEBUG  ]  No samples found: bcl2fastq
[2025-06-30 18:11:10,895] multiqc                                            [DEBUG  ]  No samples found: interop
[2025-06-30 18:11:10,898] multiqc                                            [DEBUG  ]  No samples found: flash
[2025-06-30 18:11:11,074] multiqc                                            [INFO   ]  Compressing plot data
[2025-06-30 18:11:11,088] multiqc                                            [INFO   ]  Report      : multiqc_report.html
[2025-06-30 18:11:11,088] multiqc                                            [INFO   ]  Data        : multiqc_data
[2025-06-30 18:11:11,088] multiqc                                            [DEBUG  ]  Moving data file from '/tmp/tmpyd2qvm01/multiqc_data/multiqc_fastqc.txt' to '/scratch/10819/styu/MW_multiQC/multiqc_data'
[2025-06-30 18:11:11,194] multiqc                                            [DEBUG  ]  Moving data file from '/tmp/tmpyd2qvm01/multiqc_data/mqc_fastqc_sequence_counts_plot_1.txt' to '/scratch/10819/styu/MW_multiQC/multiqc_data'
[2025-06-30 18:11:11,308] multiqc                                            [DEBUG  ]  Moving data file from '/tmp/tmpyd2qvm01/multiqc_data/mqc_fastqc_per_base_sequence_quality_plot_1.txt' to '/scratch/10819/styu/MW_multiQC/multiqc_data'
[2025-06-30 18:11:11,406] multiqc                                            [DEBUG  ]  Moving data file from '/tmp/tmpyd2qvm01/multiqc_data/mqc_fastqc_per_sequence_quality_scores_plot_1.txt' to '/scratch/10819/styu/MW_multiQC/multiqc_data'
[2025-06-30 18:11:11,488] multiqc                                            [DEBUG  ]  Moving data file from '/tmp/tmpyd2qvm01/multiqc_data/mqc_fastqc_per_sequence_gc_content_plot_Percentages.txt' to '/scratch/10819/styu/MW_multiQC/multiqc_data'
[2025-06-30 18:11:11,563] multiqc                                            [DEBUG  ]  Moving data file from '/tmp/tmpyd2qvm01/multiqc_data/mqc_fastqc_per_sequence_gc_content_plot_Counts.txt' to '/scratch/10819/styu/MW_multiQC/multiqc_data'
[2025-06-30 18:11:11,582] multiqc                                            [DEBUG  ]  Moving data file from '/tmp/tmpyd2qvm01/multiqc_data/mqc_fastqc_per_base_n_content_plot_1.txt' to '/scratch/10819/styu/MW_multiQC/multiqc_data'
[2025-06-30 18:11:11,676] multiqc                                            [DEBUG  ]  Moving data file from '/tmp/tmpyd2qvm01/multiqc_data/mqc_fastqc_sequence_duplication_levels_plot_1.txt' to '/scratch/10819/styu/MW_multiQC/multiqc_data'
[2025-06-30 18:11:11,737] multiqc                                            [DEBUG  ]  Moving data file from '/tmp/tmpyd2qvm01/multiqc_data/mqc_fastqc_overrepresented_sequencesi_plot_1.txt' to '/scratch/10819/styu/MW_multiQC/multiqc_data'
[2025-06-30 18:11:11,763] multiqc                                            [DEBUG  ]  Moving data file from '/tmp/tmpyd2qvm01/multiqc_data/mqc_fastqc_adapter_content_plot_1.txt' to '/scratch/10819/styu/MW_multiQC/multiqc_data'
[2025-06-30 18:11:11,810] multiqc                                            [DEBUG  ]  Moving data file from '/tmp/tmpyd2qvm01/multiqc_data/multiqc_general_stats.txt' to '/scratch/10819/styu/MW_multiQC/multiqc_data'
[2025-06-30 18:11:11,927] multiqc                                            [DEBUG  ]  Moving data file from '/tmp/tmpyd2qvm01/multiqc_data/multiqc_sources.txt' to '/scratch/10819/styu/MW_multiQC/multiqc_data'
[2025-06-30 18:11:11,929] multiqc                                            [DEBUG  ]  Moving data file from '/tmp/tmpyd2qvm01/multiqc_data/multiqc_data.json' to '/scratch/10819/styu/MW_multiQC/multiqc_data'
[2025-06-30 18:11:12,278] multiqc                                            [INFO   ]  MultiQC complete
